<?xml version="1.0" encoding="UTF-8"?>
<!-- Generated by org.testng.reporters.JUnitReportReporter -->
<testsuite hostname="DESKTOP-BVVQG2P" failures="0" tests="2" name="acquickacademic.APITest" time="0.016" errors="0" timestamp="28 Feb 2021 19:07:02 GMT">
  <testcase classname="acquickacademic.APITest" name="postJira" time="0.002"/>
  <testcase classname="acquickacademic.APITest" name="deleteTwitter" time="0.014"/>
</testsuite> <!-- acquickacademic.APITest -->
