<?xml version="1.0" encoding="UTF-8"?>
<!-- Generated by org.testng.reporters.JUnitReportReporter -->
<testsuite hostname="DESKTOP-BVVQG2P" failures="0" tests="1" name="acquickacademic.PositiveTesting" time="0.806" errors="0" timestamp="7 Mar 2021 17:09:48 GMT">
  <testcase classname="acquickacademic.PositiveTesting" name="login" time="0.806"/>
</testsuite> <!-- acquickacademic.PositiveTesting -->
