<?xml version="1.0" encoding="UTF-8"?>
<!-- Generated by org.testng.reporters.JUnitReportReporter -->
<testsuite hostname="DESKTOP-BVVQG2P" failures="0" tests="2" name="acquickacademic.SeleniumTest" time="0.014" errors="0" timestamp="28 Feb 2021 17:50:46 GMT">
  <testcase classname="acquickacademic.SeleniumTest" name="BrowserAUtomation" time="0.013"/>
  <testcase classname="acquickacademic.SeleniumTest" name="elementsUi" time="0.001"/>
</testsuite> <!-- acquickacademic.SeleniumTest -->
