<?xml version="1.0" encoding="UTF-8"?>
<!-- Generated by org.testng.reporters.JUnitReportReporter -->
<testsuite hostname="DESKTOP-BVVQG2P" failures="0" tests="1" name="acquickacademic.NegativeTesting" time="4.051" errors="0" timestamp="2021-02-28T11:58:10 PST" skipped="0">
  <testcase classname="acquickacademic.NegativeTesting" name="negativelogin" time="4.051"/>
  <system-out/>
</testsuite> <!-- acquickacademic.NegativeTesting -->
